<?xml version="1.0" encoding="UTF-8"?>
<!-- Generated by org.testng.reporters.JUnitReportReporter -->
<testsuite hostname="COGNINE-L110" failures="0" tests="1" name="EndToEnd.TestCases.TestCasesToSignUp" time="43.889" errors="0" timestamp="2023-01-17T18:14:51 IST" skipped="0">
  <testcase classname="EndToEnd.TestCases.TestCasesToSignUp" name="SignUp" time="43.889"/>
  <system-out/>
</testsuite> <!-- EndToEnd.TestCases.TestCasesToSignUp -->
